<?xml version="1.0" encoding="UTF-8" ?>
<testsuite tests="6" failures="0" name="com.mycompany.app.AppTest" time="0" errors="0" skipped="0">
  <properties>
[...]
</properties>
  <testcase classname="com.mycompany.app.AppTest" name="testFound" time="0"/>
  <testcase classname="com.mycompany.app.AppTest" name="testNotFound" time="0"/>
  <testcase classname="com.mycompany.app.AppTest" name="testEmptyArray" time="0"/>
  <testcase classname="com.mycompany.app.AppTest" name="testDiffrentIndex" time="0"/>
  <testcase classname="com.mycompany.app.AppTest" name="testSmallStrLength" time="0"/>
  <testcase classname="com.mycompany.app.AppTest" name="testNull" time="0"/>
</testsuite>